2025-05-19 15:06:12,884 - INFO - GET /docs - Status: 200 - Time: 0.26ms
2025-05-19 15:06:12,988 - INFO - GET /openapi.json - Status: 200 - Time: 19.93ms
2025-05-19 15:07:06,138 - INFO - GET /api/collections/grouped - Status: 200 - Time: 86.34ms
2025-05-19 15:07:06,139 - INFO - GET /api/collections - Status: 200 - Time: 3.46ms
2025-05-19 15:07:06,376 - INFO - GET /api/profiles/list - Status: 200 - Time: 8.72ms
2025-05-19 15:07:06,464 - INFO - GET /static/collections/1.jpg - Status: 404 - Time: 3.23ms
2025-05-19 15:07:06,465 - INFO - GET /static/collections/2.jpg - Status: 404 - Time: 3.64ms
2025-05-19 15:07:06,465 - INFO - GET /static/collections/3.jpg - Status: 404 - Time: 3.84ms
2025-05-19 15:07:06,465 - INFO - GET /static/avatars/10.jpg - Status: 404 - Time: 4.74ms
2025-05-19 15:07:06,685 - INFO - GET /static/collections/4.jpg - Status: 404 - Time: 1.55ms
2025-05-19 15:07:06,686 - INFO - GET /static/collections/5.jpg - Status: 404 - Time: 2.46ms
2025-05-19 15:07:06,836 - INFO - GET /static/collections/7.png - Status: 304 - Time: 48.97ms
2025-05-19 15:07:06,836 - INFO - GET /static/collections/6.jpg - Status: 304 - Time: 49.10ms
2025-05-19 15:07:11,997 - INFO - GET /api/stamps - Status: 307 - Time: 0.26ms
2025-05-19 15:07:12,004 - INFO - GET /api/stamps/ - Status: 200 - Time: 3.74ms
2025-05-19 15:07:53,699 - INFO - GET /api/collections/grouped - Status: 200 - Time: 12.32ms
2025-05-19 15:07:53,701 - INFO - GET /api/collections - Status: 200 - Time: 12.08ms
2025-05-19 15:07:53,721 - INFO - GET /static/avatars/10.jpg - Status: 404 - Time: 1.31ms
2025-05-19 15:07:54,001 - INFO - GET /api/profiles/list - Status: 200 - Time: 9.24ms
2025-05-19 15:07:54,026 - INFO - GET /static/collections/4.jpg - Status: 404 - Time: 2.37ms
2025-05-19 15:07:54,027 - INFO - GET /static/collections/1.jpg - Status: 404 - Time: 3.68ms
2025-05-19 15:07:54,029 - INFO - GET /static/collections/3.jpg - Status: 404 - Time: 4.52ms
2025-05-19 15:07:54,029 - INFO - GET /static/collections/2.jpg - Status: 404 - Time: 5.04ms
2025-05-19 15:07:54,033 - INFO - GET /static/collections/5.jpg - Status: 404 - Time: 1.44ms
2025-05-19 15:07:56,792 - INFO - GET /api/profiles/11 - Status: 200 - Time: 6.20ms
2025-05-19 15:07:59,137 - INFO - GET /api/collections/7 - Status: 200 - Time: 3.46ms
2025-05-19 15:07:59,156 - INFO - GET /api/profiles/11 - Status: 200 - Time: 3.93ms
2025-05-19 15:07:59,437 - INFO - GET /static/stamps/1.png - Status: 304 - Time: 1.82ms
2025-05-19 15:07:59,438 - INFO - GET /static/stamps/2.png - Status: 304 - Time: 2.26ms
2025-05-19 15:07:59,438 - INFO - GET /static/collections/6.jpg - Status: 304 - Time: 3.45ms
2025-05-19 15:07:59,441 - INFO - GET /static/collections/7.png - Status: 304 - Time: 1.03ms
2025-05-19 15:08:02,608 - INFO - GET /api/collections/grouped - Status: 200 - Time: 66.96ms
2025-05-19 15:08:02,609 - INFO - GET /api/profiles/list - Status: 200 - Time: 67.02ms
2025-05-19 15:08:02,610 - INFO - GET /api/collections - Status: 200 - Time: 60.00ms
2025-05-19 15:08:02,629 - INFO - GET /static/avatars/10.jpg - Status: 404 - Time: 7.85ms
2025-05-19 15:08:02,629 - INFO - GET /static/collections/3.jpg - Status: 404 - Time: 7.47ms
2025-05-19 15:08:02,629 - INFO - GET /static/collections/4.jpg - Status: 404 - Time: 7.80ms
2025-05-19 15:08:02,630 - INFO - GET /static/collections/2.jpg - Status: 404 - Time: 8.50ms
2025-05-19 15:08:02,630 - INFO - GET /static/collections/1.jpg - Status: 404 - Time: 8.71ms
2025-05-19 15:08:02,937 - INFO - GET /static/collections/5.jpg - Status: 404 - Time: 0.95ms
2025-05-19 15:08:03,159 - INFO - GET /api/stamps - Status: 307 - Time: 0.39ms
2025-05-19 15:08:03,175 - INFO - GET /api/stamps/ - Status: 200 - Time: 2.16ms
2025-05-19 15:08:04,562 - INFO - GET /api/stamps/1 - Status: 200 - Time: 4.34ms
2025-05-19 15:08:04,570 - INFO - GET /api/collections/6 - Status: 200 - Time: 3.19ms
2025-05-19 15:08:25,602 - INFO - GET /api/stamps - Status: 307 - Time: 0.26ms
2025-05-19 15:08:25,609 - INFO - GET /api/stamps/ - Status: 200 - Time: 2.66ms
2025-05-19 15:49:07,926 - INFO - GET /docs - Status: 200 - Time: 0.28ms
2025-05-19 15:49:08,060 - INFO - GET /openapi.json - Status: 200 - Time: 0.69ms
